# JRE version: OpenJDK Runtime Environment (17.0.6) (build 17.0.6+0-b2043.56-9586694)
# Java VM: OpenJDK 64-Bit Server VM (17.0.6+0-b2043.56-9586694, mixed mode, tiered, compressed oops, compressed class ptrs, g1 gc, windows-amd64)
GC Precious Log:
 CPUs: 20 total, 20 available
 Memory: 32627M
 Large Page Support: Disabled
 NUMA Support: Disabled
 Compressed Oops: Enabled (32-bit)
 Heap Region Size: 1M
 Heap Min Capacity: 8M
 Heap Initial Capacity: 510M
 Heap Max Capacity: 2G
 Pre-touch: Disabled
 Parallel Workers: 15
 Concurrent Workers: 4
 Concurrent Refinement Workers: 15
 Periodic GC: Disabled
Heap:
 garbage-first heap   total 184320K, used 121983K [0x0000000080000000, 0x0000000100000000)
  region size 1024K, 6 young (6144K), 6 survivors (6144K)
 Metaspace       used 94259K, committed 94912K, reserved 1130496K
  class space    used 12951K, committed 13248K, reserved 1048576K
GC Heap History (20 events):
Event: 3.645 GC heap after
{Heap after GC invocations=14 (full 0):
 garbage-first heap   total 184320K, used 59833K [0x0000000080000000, 0x0000000100000000)
  region size 1024K, 8 young (8192K), 8 survivors (8192K)
 Metaspace       used 69236K, committed 69760K, reserved 1114112K
  class space    used 9031K, committed 9280K, reserved 1048576K
}
Event: 3.999 GC heap before
{Heap before GC invocations=14 (full 0):
 garbage-first heap   total 184320K, used 132537K [0x0000000080000000, 0x0000000100000000)
  region size 1024K, 79 young (80896K), 8 survivors (8192K)
 Metaspace       used 74012K, committed 74560K, reserved 1114112K
  class space    used 9898K, committed 10112K, reserved 1048576K
}
Event: 4.002 GC heap after
{Heap after GC invocations=15 (full 0):
 garbage-first heap   total 184320K, used 66199K [0x0000000080000000, 0x0000000100000000)
  region size 1024K, 7 young (7168K), 7 survivors (7168K)
 Metaspace       used 74012K, committed 74560K, reserved 1114112K
  class space    used 9898K, committed 10112K, reserved 1048576K
}
Event: 4.522 GC heap before
{Heap before GC invocations=15 (full 0):
 garbage-first heap   total 184320K, used 137879K [0x0000000080000000, 0x0000000100000000)
  region size 1024K, 77 young (78848K), 7 survivors (7168K)
 Metaspace       used 81731K, committed 82240K, reserved 1122304K
  class space    used 11070K, committed 11328K, reserved 1048576K
}
Event: 4.525 GC heap after
{Heap after GC invocations=16 (full 0):
 garbage-first heap   total 184320K, used 71249K [0x0000000080000000, 0x0000000100000000)
  region size 1024K, 6 young (6144K), 6 survivors (6144K)
 Metaspace       used 81731K, committed 82240K, reserved 1122304K
  class space    used 11070K, committed 11328K, reserved 1048576K
}
Event: 4.911 GC heap before
{Heap before GC invocations=16 (full 0):
 garbage-first heap   total 184320K, used 141905K [0x0000000080000000, 0x0000000100000000)
  region size 1024K, 75 young (76800K), 6 survivors (6144K)
 Metaspace       used 86091K, committed 86656K, reserved 1130496K
  class space    used 11612K, committed 11840K, reserved 1048576K
}
Event: 4.915 GC heap after
{Heap after GC invocations=17 (full 0):
 garbage-first heap   total 184320K, used 79621K [0x0000000080000000, 0x0000000100000000)
  region size 1024K, 10 young (10240K), 10 survivors (10240K)
 Metaspace       used 86091K, committed 86656K, reserved 1130496K
  class space    used 11612K, committed 11840K, reserved 1048576K
}
Event: 5.325 GC heap before
{Heap before GC invocations=17 (full 0):
 garbage-first heap   total 184320K, used 141061K [0x0000000080000000, 0x0000000100000000)
  region size 1024K, 71 young (72704K), 10 survivors (10240K)
 Metaspace       used 89009K, committed 89600K, reserved 1130496K
  class space    used 12268K, committed 12544K, reserved 1048576K
}
Event: 5.330 GC heap after
{Heap after GC invocations=18 (full 0):
 garbage-first heap   total 184320K, used 88098K [0x0000000080000000, 0x0000000100000000)
  region size 1024K, 9 young (9216K), 9 survivors (9216K)
 Metaspace       used 89009K, committed 89600K, reserved 1130496K
  class space    used 12268K, committed 12544K, reserved 1048576K
}
Event: 5.521 GC heap before
{Heap before GC invocations=18 (full 0):
 garbage-first heap   total 184320K, used 142370K [0x0000000080000000, 0x0000000100000000)
  region size 1024K, 63 young (64512K), 9 survivors (9216K)
 Metaspace       used 89594K, committed 90240K, reserved 1130496K
  class space    used 12308K, committed 12608K, reserved 1048576K
}
Event: 5.525 GC heap after
{Heap after GC invocations=19 (full 0):
 garbage-first heap   total 184320K, used 91886K [0x0000000080000000, 0x0000000100000000)
  region size 1024K, 5 young (5120K), 5 survivors (5120K)
 Metaspace       used 89594K, committed 90240K, reserved 1130496K
  class space    used 12308K, committed 12608K, reserved 1048576K
}
Event: 5.678 GC heap before
{Heap before GC invocations=19 (full 0):
 garbage-first heap   total 184320K, used 145134K [0x0000000080000000, 0x0000000100000000)
  region size 1024K, 58 young (59392K), 5 survivors (5120K)
 Metaspace       used 90758K, committed 91328K, reserved 1130496K
  class space    used 12382K, committed 12672K, reserved 1048576K
}
Event: 5.681 GC heap after
{Heap after GC invocations=20 (full 0):
 garbage-first heap   total 184320K, used 95033K [0x0000000080000000, 0x0000000100000000)
  region size 1024K, 8 young (8192K), 8 survivors (8192K)
 Metaspace       used 90758K, committed 91328K, reserved 1130496K
  class space    used 12382K, committed 12672K, reserved 1048576K
}
Event: 5.823 GC heap before
{Heap before GC invocations=21 (full 0):
 garbage-first heap   total 184320K, used 147257K [0x0000000080000000, 0x0000000100000000)
  region size 1024K, 60 young (61440K), 8 survivors (8192K)
 Metaspace       used 92940K, committed 93632K, reserved 1130496K
  class space    used 12751K, committed 13056K, reserved 1048576K
}
Event: 5.830 GC heap after
{Heap after GC invocations=22 (full 0):
 garbage-first heap   total 184320K, used 99293K [0x0000000080000000, 0x0000000100000000)
  region size 1024K, 8 young (8192K), 8 survivors (8192K)
 Metaspace       used 92940K, committed 93632K, reserved 1130496K
  class space    used 12751K, committed 13056K, reserved 1048576K
}
Event: 5.831 GC heap before
{Heap before GC invocations=22 (full 0):
 garbage-first heap   total 184320K, used 100317K [0x0000000080000000, 0x0000000100000000)
  region size 1024K, 9 young (9216K), 8 survivors (8192K)
 Metaspace       used 92949K, committed 93632K, reserved 1130496K
  class space    used 12751K, committed 13056K, reserved 1048576K
}
Event: 5.833 GC heap after
{Heap after GC invocations=23 (full 0):
 garbage-first heap   total 184320K, used 100288K [0x0000000080000000, 0x0000000100000000)
  region size 1024K, 2 young (2048K), 2 survivors (2048K)
 Metaspace       used 92949K, committed 93632K, reserved 1130496K
  class space    used 12751K, committed 13056K, reserved 1048576K
}
Event: 5.861 GC heap before
{Heap before GC invocations=23 (full 0):
 garbage-first heap   total 184320K, used 149440K [0x0000000080000000, 0x0000000100000000)
  region size 1024K, 51 young (52224K), 2 survivors (2048K)
 Metaspace       used 93576K, committed 94208K, reserved 1130496K
  class space    used 12835K, committed 13120K, reserved 1048576K
}
Event: 5.864 GC heap after
{Heap after GC invocations=24 (full 0):
 garbage-first heap   total 184320K, used 113433K [0x0000000080000000, 0x0000000100000000)
  region size 1024K, 7 young (7168K), 7 survivors (7168K)
 Metaspace       used 93576K, committed 94208K, reserved 1130496K
  class space    used 12835K, committed 13120K, reserved 1048576K
}
Event: 5.892 GC heap before
{Heap before GC invocations=24 (full 0):
 garbage-first heap   total 184320K, used 147225K [0x0000000080000000, 0x0000000100000000)
  region size 1024K, 41 young (41984K), 7 survivors (7168K)
 Metaspace       used 94259K, committed 94912K, reserved 1130496K
  class space    used 12951K, committed 13248K, reserved 1048576K
}

