# JRE version: OpenJDK Runtime Environment (17.0.6) (build 17.0.6+0-b2043.56-9586694)
# Java VM: OpenJDK 64-Bit Server VM (17.0.6+0-b2043.56-9586694, mixed mode, tiered, compressed oops, compressed class ptrs, g1 gc, windows-amd64)
GC Precious Log:
 CPUs: 20 total, 20 available
 Memory: 32627M
 Large Page Support: Disabled
 NUMA Support: Disabled
 Compressed Oops: Enabled (32-bit)
 Heap Region Size: 1M
 Heap Min Capacity: 8M
 Heap Initial Capacity: 510M
 Heap Max Capacity: 2G
 Pre-touch: Disabled
 Parallel Workers: 15
 Concurrent Workers: 4
 Concurrent Refinement Workers: 15
 Periodic GC: Disabled
Heap:
 garbage-first heap   total 239616K, used 118848K [0x0000000080000000, 0x0000000100000000)
  region size 1024K, 1 young (1024K), 1 survivors (1024K)
 Metaspace       used 95435K, committed 96128K, reserved 1138688K
  class space    used 13125K, committed 13440K, reserved 1048576K
GC Heap History (20 events):
Event: 4.202 GC heap after
{Heap after GC invocations=15 (full 0):
 garbage-first heap   total 184320K, used 65918K [0x0000000080000000, 0x0000000100000000)
  region size 1024K, 7 young (7168K), 7 survivors (7168K)
 Metaspace       used 74448K, committed 74944K, reserved 1114112K
  class space    used 9967K, committed 10176K, reserved 1048576K
}
Event: 4.714 GC heap before
{Heap before GC invocations=15 (full 0):
 garbage-first heap   total 184320K, used 139646K [0x0000000080000000, 0x0000000100000000)
  region size 1024K, 79 young (80896K), 7 survivors (7168K)
 Metaspace       used 83113K, committed 83648K, reserved 1122304K
  class space    used 11221K, committed 11456K, reserved 1048576K
}
Event: 4.717 GC heap after
{Heap after GC invocations=16 (full 0):
 garbage-first heap   total 184320K, used 71084K [0x0000000080000000, 0x0000000100000000)
  region size 1024K, 6 young (6144K), 6 survivors (6144K)
 Metaspace       used 83113K, committed 83648K, reserved 1122304K
  class space    used 11221K, committed 11456K, reserved 1048576K
}
Event: 5.052 GC heap before
{Heap before GC invocations=16 (full 0):
 garbage-first heap   total 184320K, used 142764K [0x0000000080000000, 0x0000000100000000)
  region size 1024K, 76 young (77824K), 6 survivors (6144K)
 Metaspace       used 86068K, committed 86592K, reserved 1130496K
  class space    used 11607K, committed 11840K, reserved 1048576K
}
Event: 5.056 GC heap after
{Heap after GC invocations=17 (full 0):
 garbage-first heap   total 184320K, used 79938K [0x0000000080000000, 0x0000000100000000)
  region size 1024K, 10 young (10240K), 10 survivors (10240K)
 Metaspace       used 86068K, committed 86592K, reserved 1130496K
  class space    used 11607K, committed 11840K, reserved 1048576K
}
Event: 5.424 GC heap before
{Heap before GC invocations=17 (full 0):
 garbage-first heap   total 184320K, used 143426K [0x0000000080000000, 0x0000000100000000)
  region size 1024K, 73 young (74752K), 10 survivors (10240K)
 Metaspace       used 89015K, committed 89664K, reserved 1130496K
  class space    used 12241K, committed 12544K, reserved 1048576K
}
Event: 5.428 GC heap after
{Heap after GC invocations=18 (full 0):
 garbage-first heap   total 184320K, used 88222K [0x0000000080000000, 0x0000000100000000)
  region size 1024K, 8 young (8192K), 8 survivors (8192K)
 Metaspace       used 89015K, committed 89664K, reserved 1130496K
  class space    used 12241K, committed 12544K, reserved 1048576K
}
Event: 5.589 GC heap before
{Heap before GC invocations=18 (full 0):
 garbage-first heap   total 184320K, used 144542K [0x0000000080000000, 0x0000000100000000)
  region size 1024K, 64 young (65536K), 8 survivors (8192K)
 Metaspace       used 89554K, committed 90304K, reserved 1130496K
  class space    used 12280K, committed 12608K, reserved 1048576K
}
Event: 5.592 GC heap after
{Heap after GC invocations=19 (full 0):
 garbage-first heap   total 184320K, used 91993K [0x0000000080000000, 0x0000000100000000)
  region size 1024K, 4 young (4096K), 4 survivors (4096K)
 Metaspace       used 89554K, committed 90304K, reserved 1130496K
  class space    used 12280K, committed 12608K, reserved 1048576K
}
Event: 5.730 GC heap before
{Heap before GC invocations=19 (full 0):
 garbage-first heap   total 184320K, used 147289K [0x0000000080000000, 0x0000000100000000)
  region size 1024K, 59 young (60416K), 4 survivors (4096K)
 Metaspace       used 91026K, committed 91712K, reserved 1130496K
  class space    used 12397K, committed 12736K, reserved 1048576K
}
Event: 5.733 GC heap after
{Heap after GC invocations=20 (full 0):
 garbage-first heap   total 184320K, used 95130K [0x0000000080000000, 0x0000000100000000)
  region size 1024K, 8 young (8192K), 8 survivors (8192K)
 Metaspace       used 91026K, committed 91712K, reserved 1130496K
  class space    used 12397K, committed 12736K, reserved 1048576K
}
Event: 5.834 GC heap before
{Heap before GC invocations=21 (full 0):
 garbage-first heap   total 188416K, used 148378K [0x0000000080000000, 0x0000000100000000)
  region size 1024K, 61 young (62464K), 8 survivors (8192K)
 Metaspace       used 92773K, committed 93376K, reserved 1130496K
  class space    used 12713K, committed 12992K, reserved 1048576K
}
Event: 5.837 GC heap after
{Heap after GC invocations=22 (full 0):
 garbage-first heap   total 188416K, used 101311K [0x0000000080000000, 0x0000000100000000)
  region size 1024K, 8 young (8192K), 8 survivors (8192K)
 Metaspace       used 92773K, committed 93376K, reserved 1130496K
  class space    used 12713K, committed 12992K, reserved 1048576K
}
Event: 5.838 GC heap before
{Heap before GC invocations=22 (full 0):
 garbage-first heap   total 188416K, used 101311K [0x0000000080000000, 0x0000000100000000)
  region size 1024K, 9 young (9216K), 8 survivors (8192K)
 Metaspace       used 92785K, committed 93376K, reserved 1130496K
  class space    used 12714K, committed 12992K, reserved 1048576K
}
Event: 5.839 GC heap after
{Heap after GC invocations=23 (full 0):
 garbage-first heap   total 188416K, used 101423K [0x0000000080000000, 0x0000000100000000)
  region size 1024K, 2 young (2048K), 2 survivors (2048K)
 Metaspace       used 92785K, committed 93376K, reserved 1130496K
  class space    used 12714K, committed 12992K, reserved 1048576K
}
Event: 5.862 GC heap before
{Heap before GC invocations=23 (full 0):
 garbage-first heap   total 188416K, used 151599K [0x0000000080000000, 0x0000000100000000)
  region size 1024K, 52 young (53248K), 2 survivors (2048K)
 Metaspace       used 93625K, committed 94208K, reserved 1130496K
  class space    used 12831K, committed 13120K, reserved 1048576K
}
Event: 5.864 GC heap after
{Heap after GC invocations=24 (full 0):
 garbage-first heap   total 188416K, used 114265K [0x0000000080000000, 0x0000000100000000)
  region size 1024K, 7 young (7168K), 7 survivors (7168K)
 Metaspace       used 93625K, committed 94208K, reserved 1130496K
  class space    used 12831K, committed 13120K, reserved 1048576K
}
Event: 5.924 GC heap before
{Heap before GC invocations=25 (full 0):
 garbage-first heap   total 239616K, used 150105K [0x0000000080000000, 0x0000000100000000)
  region size 1024K, 43 young (44032K), 7 survivors (7168K)
 Metaspace       used 94629K, committed 95296K, reserved 1138688K
  class space    used 12987K, committed 13312K, reserved 1048576K
}
Event: 5.926 GC heap after
{Heap after GC invocations=26 (full 0):
 garbage-first heap   total 239616K, used 121599K [0x0000000080000000, 0x0000000100000000)
  region size 1024K, 6 young (6144K), 6 survivors (6144K)
 Metaspace       used 94629K, committed 95296K, reserved 1138688K
  class space    used 12987K, committed 13312K, reserved 1048576K
}
Event: 5.951 GC heap before
{Heap before GC invocations=26 (full 0):
 garbage-first heap   total 239616K, used 126719K [0x0000000080000000, 0x0000000100000000)
  region size 1024K, 11 young (11264K), 6 survivors (6144K)
 Metaspace       used 95435K, committed 96128K, reserved 1138688K
  class space    used 13125K, committed 13440K, reserved 1048576K
}

